<?xml version="1.0" encoding="UTF-8"?>
<Site BuildName="Linux-gcc-12"
	BuildStamp="20240424-1250-Experimental"
	Name="andrew"
	Generator="ctest-3.26.4"
	CompilerName=""
	CompilerVersion=""
	OSName="Linux"
	Hostname="andrew"
	OSRelease="6.5.0-27-generic"
	OSVersion="#28~22.04.1-Ubuntu SMP PREEMPT_DYNAMIC Fri Mar 15 10:51:06 UTC 2"
	OSPlatform="x86_64"
	Is64Bits="1"
	VendorString="AuthenticAMD"
	VendorID="Advanced Micro Devices"
	FamilyID="23"
	ModelID="113"
	ProcessorCacheSize="512"
	NumberOfLogicalCPU="12"
	NumberOfPhysicalCPU="6"
	TotalVirtualMemory="32767"
	TotalPhysicalMemory="64225"
	LogicalProcessorsPerPhysical="2"
	ProcessorClockFrequency="3949.31"
	>
	<Testing>
		<StartDateTime>Apr 24 08:50 EDT</StartDateTime>
		<StartTestTime>1713963053</StartTestTime>
		<TestList/>
		<EndDateTime>Apr 24 08:50 EDT</EndDateTime>
		<EndTestTime>1713963053</EndTestTime>
		<ElapsedMinutes>0</ElapsedMinutes>
	</Testing>
</Site>
